CRITICAL - 2022-11-17 21:17:26 --> Call to undefined method CodeIgniter\Database\MySQLi\Builder::countAllResult()
in APPPATH\Controllers\Mahasiswa.php on line 25.
 1 SYSTEMPATH\CodeIgniter.php(927): App\Controllers\Mahasiswa->index('1')
 2 SYSTEMPATH\CodeIgniter.php(482): CodeIgniter\CodeIgniter->runController(Object(App\Controllers\Mahasiswa))
 3 SYSTEMPATH\CodeIgniter.php(351): CodeIgniter\CodeIgniter->handleRequest(null, Object(Config\Cache), false)
 4 FCPATH\index.php(67): CodeIgniter\CodeIgniter->run()
 5 SYSTEMPATH\Commands\Server\rewrite.php(46): require_once('FCPATH\\index.php')
CRITICAL - 2022-11-17 21:18:15 --> Call to undefined method CodeIgniter\Database\MySQLi\Builder::countAllResult()
in APPPATH\Controllers\Mahasiswa.php on line 25.
 1 SYSTEMPATH\CodeIgniter.php(927): App\Controllers\Mahasiswa->index('1')
 2 SYSTEMPATH\CodeIgniter.php(482): CodeIgniter\CodeIgniter->runController(Object(App\Controllers\Mahasiswa))
 3 SYSTEMPATH\CodeIgniter.php(351): CodeIgniter\CodeIgniter->handleRequest(null, Object(Config\Cache), false)
 4 FCPATH\index.php(67): CodeIgniter\CodeIgniter->run()
 5 SYSTEMPATH\Commands\Server\rewrite.php(46): require_once('FCPATH\\index.php')
CRITICAL - 2022-11-17 21:20:52 --> Call to undefined method CodeIgniter\Database\MySQLi\Builder::countAllResult()
in APPPATH\Controllers\Mahasiswa.php on line 25.
 1 SYSTEMPATH\CodeIgniter.php(927): App\Controllers\Mahasiswa->index('1')
 2 SYSTEMPATH\CodeIgniter.php(482): CodeIgniter\CodeIgniter->runController(Object(App\Controllers\Mahasiswa))
 3 SYSTEMPATH\CodeIgniter.php(351): CodeIgniter\CodeIgniter->handleRequest(null, Object(Config\Cache), false)
 4 FCPATH\index.php(67): CodeIgniter\CodeIgniter->run()
 5 SYSTEMPATH\Commands\Server\rewrite.php(46): require_once('FCPATH\\index.php')
CRITICAL - 2022-11-17 21:27:30 --> Call to undefined method CodeIgniter\Database\MySQLi\Builder::countAllResult()
in APPPATH\Controllers\Mahasiswa.php on line 25.
 1 SYSTEMPATH\CodeIgniter.php(927): App\Controllers\Mahasiswa->index('1')
 2 SYSTEMPATH\CodeIgniter.php(482): CodeIgniter\CodeIgniter->runController(Object(App\Controllers\Mahasiswa))
 3 SYSTEMPATH\CodeIgniter.php(351): CodeIgniter\CodeIgniter->handleRequest(null, Object(Config\Cache), false)
 4 FCPATH\index.php(67): CodeIgniter\CodeIgniter->run()
 5 SYSTEMPATH\Commands\Server\rewrite.php(46): require_once('FCPATH\\index.php')
CRITICAL - 2022-11-17 21:28:18 --> Call to undefined method CodeIgniter\Database\MySQLi\Builder::countAllResult()
in APPPATH\Controllers\Mahasiswa.php on line 25.
 1 SYSTEMPATH\CodeIgniter.php(927): App\Controllers\Mahasiswa->index('1')
 2 SYSTEMPATH\CodeIgniter.php(482): CodeIgniter\CodeIgniter->runController(Object(App\Controllers\Mahasiswa))
 3 SYSTEMPATH\CodeIgniter.php(351): CodeIgniter\CodeIgniter->handleRequest(null, Object(Config\Cache), false)
 4 FCPATH\index.php(67): CodeIgniter\CodeIgniter->run()
 5 SYSTEMPATH\Commands\Server\rewrite.php(46): require_once('FCPATH\\index.php')
CRITICAL - 2022-11-17 21:33:37 --> Class "Services" not found
in APPPATH\Controllers\Mahasiswa.php on line 19.
 1 SYSTEMPATH\CodeIgniter.php(889): App\Controllers\Mahasiswa->__construct()
 2 SYSTEMPATH\CodeIgniter.php(473): CodeIgniter\CodeIgniter->createController()
 3 SYSTEMPATH\CodeIgniter.php(351): CodeIgniter\CodeIgniter->handleRequest(null, Object(Config\Cache), false)
 4 FCPATH\index.php(67): CodeIgniter\CodeIgniter->run()
 5 SYSTEMPATH\Commands\Server\rewrite.php(46): require_once('FCPATH\\index.php')
CRITICAL - 2022-11-17 21:38:28 --> Call to undefined method CodeIgniter\Database\MySQLi\Builder::countAllResult()
in APPPATH\Controllers\Mahasiswa.php on line 25.
 1 SYSTEMPATH\CodeIgniter.php(927): App\Controllers\Mahasiswa->index('1')
 2 SYSTEMPATH\CodeIgniter.php(482): CodeIgniter\CodeIgniter->runController(Object(App\Controllers\Mahasiswa))
 3 SYSTEMPATH\CodeIgniter.php(351): CodeIgniter\CodeIgniter->handleRequest(null, Object(Config\Cache), false)
 4 FCPATH\index.php(67): CodeIgniter\CodeIgniter->run()
 5 SYSTEMPATH\Commands\Server\rewrite.php(46): require_once('FCPATH\\index.php')
CRITICAL - 2022-11-17 21:50:39 --> Call to undefined method CodeIgniter\Database\MySQLi\Builder::countAllResult()
in APPPATH\Controllers\Mahasiswa.php on line 25.
 1 SYSTEMPATH\CodeIgniter.php(927): App\Controllers\Mahasiswa->index('1')
 2 SYSTEMPATH\CodeIgniter.php(482): CodeIgniter\CodeIgniter->runController(Object(App\Controllers\Mahasiswa))
 3 SYSTEMPATH\CodeIgniter.php(351): CodeIgniter\CodeIgniter->handleRequest(null, Object(Config\Cache), false)
 4 FCPATH\index.php(67): CodeIgniter\CodeIgniter->run()
 5 SYSTEMPATH\Commands\Server\rewrite.php(46): require_once('FCPATH\\index.php')
CRITICAL - 2022-11-17 21:53:32 --> Call to undefined method CodeIgniter\Database\MySQLi\Builder::countAllResult()
in APPPATH\Controllers\Mahasiswa.php on line 25.
 1 SYSTEMPATH\CodeIgniter.php(927): App\Controllers\Mahasiswa->index('1')
 2 SYSTEMPATH\CodeIgniter.php(482): CodeIgniter\CodeIgniter->runController(Object(App\Controllers\Mahasiswa))
 3 SYSTEMPATH\CodeIgniter.php(351): CodeIgniter\CodeIgniter->handleRequest(null, Object(Config\Cache), false)
 4 FCPATH\index.php(67): CodeIgniter\CodeIgniter->run()
 5 SYSTEMPATH\Commands\Server\rewrite.php(46): require_once('FCPATH\\index.php')
CRITICAL - 2022-11-17 21:53:54 --> Call to undefined method CodeIgniter\Database\MySQLi\Builder::countAllResult()
in APPPATH\Controllers\Mahasiswa.php on line 25.
 1 SYSTEMPATH\CodeIgniter.php(927): App\Controllers\Mahasiswa->index('1')
 2 SYSTEMPATH\CodeIgniter.php(482): CodeIgniter\CodeIgniter->runController(Object(App\Controllers\Mahasiswa))
 3 SYSTEMPATH\CodeIgniter.php(351): CodeIgniter\CodeIgniter->handleRequest(null, Object(Config\Cache), false)
 4 FCPATH\index.php(67): CodeIgniter\CodeIgniter->run()
 5 SYSTEMPATH\Commands\Server\rewrite.php(46): require_once('FCPATH\\index.php')
CRITICAL - 2022-11-17 22:17:35 --> Call to undefined method CodeIgniter\Database\MySQLi\Builder::countAllResult()
in APPPATH\Controllers\Mahasiswa.php on line 25.
 1 SYSTEMPATH\CodeIgniter.php(927): App\Controllers\Mahasiswa->index('1')
 2 SYSTEMPATH\CodeIgniter.php(482): CodeIgniter\CodeIgniter->runController(Object(App\Controllers\Mahasiswa))
 3 SYSTEMPATH\CodeIgniter.php(351): CodeIgniter\CodeIgniter->handleRequest(null, Object(Config\Cache), false)
 4 FCPATH\index.php(67): CodeIgniter\CodeIgniter->run()
 5 SYSTEMPATH\Commands\Server\rewrite.php(46): require_once('FCPATH\\index.php')
